<?xml version="1.0" encoding="UTF-8"?>
<testng-results ignored="0" total="4" passed="4" failed="0" skipped="0">
  <reporter-output>
  </reporter-output>
  <suite started-at="2024-01-17T11:42:10 IST" name="All Test Suite" finished-at="2024-01-17T11:44:06 IST" duration-ms="115975">
    <groups>
      <group name="cucumber">
        <method signature="AbstractTestNGCucumberTests.runScenario(io.cucumber.testng.PickleWrapper, io.cucumber.testng.FeatureWrapper)[pri:0, instance:test.scripts.TestRunner@f2f2cc1]" name="runScenario" class="io.cucumber.testng.AbstractTestNGCucumberTests"/>
      </group> <!-- cucumber -->
    </groups>
    <test started-at="2024-01-17T11:42:10 IST" name="/Users/infinity/Downloads/CloudBees/draw.io.test" finished-at="2024-01-17T11:44:06 IST" duration-ms="115975">
      <class name="test.scripts.TestRunner">
        <test-method is-config="true" signature="setUpClass(org.testng.ITestContext)[pri:0, instance:test.scripts.TestRunner@f2f2cc1]" started-at="2024-01-17T11:42:10 IST" name="setUpClass" finished-at="2024-01-17T11:42:11 IST" duration-ms="449" status="PASS">
          <params>
            <param index="0">
              <value>
                <![CDATA[org.testng.TestRunner@2bd813b4]]>
              </value>
            </param>
          </params>
          <reporter-output>
          </reporter-output>
        </test-method> <!-- setUpClass -->
        <test-method signature="runScenario(io.cucumber.testng.PickleWrapper, io.cucumber.testng.FeatureWrapper)[pri:0, instance:test.scripts.TestRunner@f2f2cc1]" started-at="2024-01-17T11:42:11 IST" name="runScenario" description="Runs Cucumber Scenarios" data-provider="scenarios" finished-at="2024-01-17T11:42:30 IST" duration-ms="18776" status="PASS">
          <params>
            <param index="0">
              <value>
                <![CDATA["create a complete flowchart"]]>
              </value>
            </param>
            <param index="1">
              <value>
                <![CDATA["Optional[Flowchart using general shapes in draw.io]"]]>
              </value>
            </param>
          </params>
          <reporter-output>
          </reporter-output>
        </test-method> <!-- runScenario -->
        <test-method signature="runScenario(io.cucumber.testng.PickleWrapper, io.cucumber.testng.FeatureWrapper)[pri:0, instance:test.scripts.TestRunner@f2f2cc1]" started-at="2024-01-17T11:42:30 IST" name="runScenario" description="Runs Cucumber Scenarios" data-provider="scenarios" finished-at="2024-01-17T11:43:11 IST" duration-ms="41437" status="PASS">
          <params>
            <param index="0">
              <value>
                <![CDATA["Add, update and delete a step in flowchart"]]>
              </value>
            </param>
            <param index="1">
              <value>
                <![CDATA["Optional[Flowchart using general shapes in draw.io]"]]>
              </value>
            </param>
          </params>
          <reporter-output>
          </reporter-output>
        </test-method> <!-- runScenario -->
        <test-method signature="runScenario(io.cucumber.testng.PickleWrapper, io.cucumber.testng.FeatureWrapper)[pri:0, instance:test.scripts.TestRunner@f2f2cc1]" started-at="2024-01-17T11:43:11 IST" name="runScenario" description="Runs Cucumber Scenarios" data-provider="scenarios" finished-at="2024-01-17T11:43:39 IST" duration-ms="27802" status="PASS">
          <params>
            <param index="0">
              <value>
                <![CDATA["Add, update and delete a shape in flowchart"]]>
              </value>
            </param>
            <param index="1">
              <value>
                <![CDATA["Optional[Flowchart using general shapes in draw.io]"]]>
              </value>
            </param>
          </params>
          <reporter-output>
          </reporter-output>
        </test-method> <!-- runScenario -->
        <test-method signature="runScenario(io.cucumber.testng.PickleWrapper, io.cucumber.testng.FeatureWrapper)[pri:0, instance:test.scripts.TestRunner@f2f2cc1]" started-at="2024-01-17T11:43:39 IST" name="runScenario" description="Runs Cucumber Scenarios" data-provider="scenarios" finished-at="2024-01-17T11:44:06 IST" duration-ms="27425" status="PASS">
          <params>
            <param index="0">
              <value>
                <![CDATA["Add, update and delete a text in flowchart"]]>
              </value>
            </param>
            <param index="1">
              <value>
                <![CDATA["Optional[Flowchart using general shapes in draw.io]"]]>
              </value>
            </param>
          </params>
          <reporter-output>
          </reporter-output>
        </test-method> <!-- runScenario -->
        <test-method is-config="true" signature="tearDownClass()[pri:0, instance:test.scripts.TestRunner@f2f2cc1]" started-at="2024-01-17T11:44:06 IST" name="tearDownClass" finished-at="2024-01-17T11:44:06 IST" duration-ms="47" status="PASS">
          <reporter-output>
          </reporter-output>
        </test-method> <!-- tearDownClass -->
      </class> <!-- test.scripts.TestRunner -->
    </test> <!-- /Users/infinity/Downloads/CloudBees/draw.io.test -->
  </suite> <!-- All Test Suite -->
</testng-results>
