<?xml version="1.0" encoding="UTF-8"?>
<testsuite xmlns:xsi="http://www.w3.org/2001/XMLSchema-instance" xsi:noNamespaceSchemaLocation="https://maven.apache.org/surefire/maven-surefire-plugin/xsd/surefire-test-report-3.0.xsd" version="3.0" name="TestSuite" time="116.513" tests="4" errors="0" skipped="0" failures="0">
  <properties>
[...]
</properties>
  <testcase name="runScenario[&quot;create a complete flowchart&quot;, &quot;Optional[Flowchart using general shapes in draw.io]&quot;](1)" classname="test.scripts.TestRunner" time="18.831">
    <system-out><![CDATA[
Scenario: create a complete flowchart           # src/test/java/test/scripts/featurefiles/flowchart.feature:11
  Given the user has a flowchart in progress    # test.scripts.stepdefinitions.Flowchart.the_user_has_a_flowchart_in_progress()
[Ljava.lang.Object;@3a00237d
[Ljava.lang.String;@bc88295
  Then all shapes and steps should be reflected # test.scripts.stepdefinitions.Flowchart.all_steps_should_be_reflected()
]]></system-out>
    <system-err><![CDATA[SLF4J(W): No SLF4J providers were found.
SLF4J(W): Defaulting to no-operation (NOP) logger implementation
SLF4J(W): See https://www.slf4j.org/codes.html#noProviders for further details.
Starting ChromeDriver 120.0.6099.109 (3419140ab665596f21b385ce136419fde0924272-refs/branch-heads/6099@{#1483}) on port 1668
Only local connections are allowed.
Please see https://chromedriver.chromium.org/security-considerations for suggestions on keeping ChromeDriver safe.
ChromeDriver was started successfully.
Jan. 17, 2024 11:42:14 A.M. org.openqa.selenium.remote.ProtocolHandshake createSession
INFO: Detected dialect: W3C
]]></system-err>
  </testcase>
  <testcase name="runScenario[&quot;Add, update and delete a step in flowchart&quot;, &quot;Optional[Flowchart using general shapes in draw.io]&quot;](2)" classname="test.scripts.TestRunner" time="41.363">
    <system-out><![CDATA[
Scenario Outline: Add, update and delete a step in flowchart     # src/test/java/test/scripts/featurefiles/flowchart.feature:22
  Given the user has a flowchart in progress                     # test.scripts.stepdefinitions.Flowchart.the_user_has_a_flowchart_in_progress()
  When the user adds a new Read All adjacent Calculate C = A + B # test.scripts.stepdefinitions.Flowchart.user_adds_new_step_adjacent_existing_step(java.lang.String,java.lang.String)
  Then the Read All should be added to the appropriate point     # test.scripts.stepdefinitions.Flowchart.the_step_should_be_added_to_the_appropriate_point(java.lang.String)
  And the user should be able to update the Read All with Read W # test.scripts.stepdefinitions.Flowchart.the_user_should_be_able_to_update_the_step(java.lang.String,java.lang.String,java.lang.String)
  And the user should be able to delete the Read All with Read W # test.scripts.stepdefinitions.Flowchart.the_user_should_be_able_to_update_the_step(java.lang.String,java.lang.String,java.lang.String)
]]></system-out>
    <system-err><![CDATA[Starting ChromeDriver 120.0.6099.109 (3419140ab665596f21b385ce136419fde0924272-refs/branch-heads/6099@{#1483}) on port 31541
Only local connections are allowed.
Please see https://chromedriver.chromium.org/security-considerations for suggestions on keeping ChromeDriver safe.
ChromeDriver was started successfully.
Jan. 17, 2024 11:42:31 A.M. org.openqa.selenium.remote.ProtocolHandshake createSession
INFO: Detected dialect: W3C
]]></system-err>
  </testcase>
  <testcase name="runScenario[&quot;Add, update and delete a shape in flowchart&quot;, &quot;Optional[Flowchart using general shapes in draw.io]&quot;](3)" classname="test.scripts.TestRunner" time="27.801">
    <system-out><![CDATA[
Scenario Outline: Add, update and delete a shape in flowchart          # src/test/java/test/scripts/featurefiles/flowchart.feature:32
  Given the user has a flowchart in progress                           # test.scripts.stepdefinitions.Flowchart.the_user_has_a_flowchart_in_progress()
  When the user adds a new Rectangle with Read C                       # test.scripts.stepdefinitions.Flowchart.the_user_adds_a_new_shape_with_step_description(java.lang.String,java.lang.String)
  Then the Read C should be added to the appropriate point             # test.scripts.stepdefinitions.Flowchart.the_step_should_be_added_to_the_appropriate_point(java.lang.String)
  And the user should have an option to update the Ellipse with Read C # test.scripts.stepdefinitions.Flowchart.the_user_should_have_an_option_to_update_the_shape_with_step(java.lang.String,java.lang.String,java.lang.String)
  And the user should have an option to delete the Ellipse with Read C # test.scripts.stepdefinitions.Flowchart.the_user_should_have_an_option_to_update_the_shape_with_step(java.lang.String,java.lang.String,java.lang.String)
]]></system-out>
    <system-err><![CDATA[Starting ChromeDriver 120.0.6099.109 (3419140ab665596f21b385ce136419fde0924272-refs/branch-heads/6099@{#1483}) on port 17529
Only local connections are allowed.
Please see https://chromedriver.chromium.org/security-considerations for suggestions on keeping ChromeDriver safe.
ChromeDriver was started successfully.
Jan. 17, 2024 11:43:12 A.M. org.openqa.selenium.remote.ProtocolHandshake createSession
INFO: Detected dialect: W3C
]]></system-err>
  </testcase>
  <testcase name="runScenario[&quot;Add, update and delete a text in flowchart&quot;, &quot;Optional[Flowchart using general shapes in draw.io]&quot;](4)" classname="test.scripts.TestRunner" time="27.426">
    <system-out><![CDATA[
Scenario Outline: Add, update and delete a text in flowchart     # src/test/java/test/scripts/featurefiles/flowchart.feature:42
  Given the user has a flowchart in progress                     # test.scripts.stepdefinitions.Flowchart.the_user_has_a_flowchart_in_progress()
  When the user adds a new Rectangle with Read C                 # test.scripts.stepdefinitions.Flowchart.the_user_adds_a_new_shape_with_step_description(java.lang.String,java.lang.String)
  Then the Read C should be added to the appropriate point       # test.scripts.stepdefinitions.Flowchart.the_step_should_be_added_to_the_appropriate_point(java.lang.String)
  And user should be able to update the text Read C with Read CL # test.scripts.stepdefinitions.Flowchart.update_text(java.lang.String,java.lang.String)
  And user should be able to delete the text Read CL             # test.scripts.stepdefinitions.Flowchart.delete_text(java.lang.String)
]]></system-out>
    <system-err><![CDATA[Starting ChromeDriver 120.0.6099.109 (3419140ab665596f21b385ce136419fde0924272-refs/branch-heads/6099@{#1483}) on port 2382
Only local connections are allowed.
Please see https://chromedriver.chromium.org/security-considerations for suggestions on keeping ChromeDriver safe.
ChromeDriver was started successfully.
Jan. 17, 2024 11:43:40 A.M. org.openqa.selenium.remote.ProtocolHandshake createSession
INFO: Detected dialect: W3C
]]></system-err>
  </testcase>
</testsuite>