<?xml version="1.0" encoding="UTF-8"?>
<!-- Generated by org.testng.reporters.JUnitXMLReporter -->
<testsuite ignored="0" hostname="Divyas-MacBook-Pro.local" failures="0" tests="4" name="/Users/infinity/Downloads/CloudBees/draw.io.test" time="115.975" errors="0" timestamp="2024-01-17T11:44:07 IST">
  <testcase classname="io.cucumber.testng.AbstractTestNGCucumberTests" name="runScenario" time="18.776"/>
  <testcase classname="io.cucumber.testng.AbstractTestNGCucumberTests" name="runScenario" time="41.437"/>
  <testcase classname="io.cucumber.testng.AbstractTestNGCucumberTests" name="runScenario" time="27.802"/>
  <testcase classname="io.cucumber.testng.AbstractTestNGCucumberTests" name="runScenario" time="27.425"/>
</testsuite> <!-- /Users/infinity/Downloads/CloudBees/draw.io.test -->
